<?xml version="1.0" encoding="UTF-8"?>
<!-- Generated by org.testng.reporters.JUnitReportReporter -->
<testsuite hostname="LAPTOP-70B31SVA" failures="0" tests="3" name="api.test.PropertiesUserTest" time="6.912" errors="0" timestamp="2023-12-07T14:04:06 IST" skipped="0">
  <testcase classname="api.test.PropertiesUserTest" name="testpostRequest" time="2.640"/>
  <system-out/>
  <testcase classname="api.test.PropertiesUserTest" name="testgetRequest" time="1.504"/>
  <system-out/>
  <testcase classname="api.test.PropertiesUserTest" name="testputRequest" time="2.768"/>
  <system-out/>
</testsuite> <!-- api.test.PropertiesUserTest -->
