<?xml version="1.0" encoding="UTF-8"?>
<!-- Generated by org.testng.reporters.JUnitReportReporter -->
<testsuite hostname="LAPTOP-70B31SVA" failures="0" tests="3" name="api.test.UserTest" time="5.466" errors="0" timestamp="2023-12-04T18:57:17 IST" skipped="0">
  <testcase classname="api.test.UserTest" name="testpostRequest" time="1.426"/>
  <system-out/>
  <testcase classname="api.test.UserTest" name="testgetRequest" time="1.282"/>
  <system-out/>
  <testcase classname="api.test.UserTest" name="testputRequest" time="2.758"/>
  <system-out/>
</testsuite> <!-- api.test.UserTest -->
