<?xml version="1.0" encoding="UTF-8"?>
<!-- Generated by org.testng.reporters.JUnitReportReporter -->
<testsuite hostname="LAPTOP-70B31SVA" failures="0" tests="3" name="api.test.PropertiesUserTest" time="7.765" errors="0" timestamp="2023-12-12T23:33:37 IST" skipped="0">
  <testcase classname="api.test.PropertiesUserTest" name="testpostRequest" time="2.821"/>
  <system-out/>
  <testcase classname="api.test.PropertiesUserTest" name="testgetRequest" time="1.912"/>
  <system-out/>
  <testcase classname="api.test.PropertiesUserTest" name="testputRequest" time="3.032"/>
  <system-out/>
</testsuite> <!-- api.test.PropertiesUserTest -->
